<?xml version="1.0" encoding="UTF-8"?>
<testng-results ignored="0" total="2" passed="2" failed="0" skipped="0">
  <reporter-output>
  </reporter-output>
  <suite started-at="2024-05-07T11:27:30 BDT" name="Default suite" finished-at="2024-05-07T11:28:21 BDT" duration-ms="51179">
    <groups>
    </groups>
    <test started-at="2024-05-07T11:27:30 BDT" name="Default test" finished-at="2024-05-07T11:28:21 BDT" duration-ms="51179">
      <class name="testcases.TestExecution">
        <test-method signature="TestOne()[pri:1, instance:testcases.TestExecution@77fbd92c]" started-at="2024-05-07T11:27:30 BDT" name="TestOne" finished-at="2024-05-07T11:27:43 BDT" duration-ms="12683" status="PASS">
          <reporter-output>
          </reporter-output>
        </test-method> <!-- TestOne -->
        <test-method signature="TestTwo()[pri:2, instance:testcases.TestExecution@77fbd92c]" started-at="2024-05-07T11:27:43 BDT" name="TestTwo" finished-at="2024-05-07T11:28:21 BDT" duration-ms="38435" status="PASS">
          <reporter-output>
          </reporter-output>
        </test-method> <!-- TestTwo -->
      </class> <!-- testcases.TestExecution -->
    </test> <!-- Default test -->
  </suite> <!-- Default suite -->
</testng-results>
